{
  message: '🤩 connect to database',
  level: 'info',
  label: 'KC',
  timestamp: '2023-08-07T06:36:52.361Z'
}
{
  message: 'Example app listening on port  5000',
  level: 'info',
  label: 'KC',
  timestamp: '2023-08-07T06:36:52.398Z'
}
{
  message: '🤩 connect to database',
  level: 'info',
  label: 'KC',
  timestamp: '2023-08-07T06:37:10.296Z'
}
{
  message: 'Example app listening on port  5000',
  level: 'info',
  label: 'KC',
  timestamp: '2023-08-07T06:37:10.314Z'
}
{
  message: '🤩 connect to database',
  level: 'info',
  label: 'KC',
  timestamp: '2023-08-07T06:41:16.150Z'
}
{
  message: 'Example app listening on port  5000',
  level: 'info',
  label: 'KC',
  timestamp: '2023-08-07T06:41:16.174Z'
}
{
  message: '🤩 connect to database',
  level: 'info',
  label: 'KC',
  timestamp: '2023-08-07T06:46:47.300Z'
}
{
  message: 'Example app listening on port  5000',
  level: 'info',
  label: 'KC',
  timestamp: '2023-08-07T06:46:47.336Z'
}
{
  message: '🤩 connect to database',
  level: 'info',
  label: 'KC',
  timestamp: '2023-08-07T06:55:30.275Z'
}
{
  message: 'Example app listening on port  5000',
  level: 'info',
  label: 'KC',
  timestamp: '2023-08-07T06:55:30.306Z'
}
