{
  message: '🤩 connect to database',
  level: 'info',
  label: 'KC',
  timestamp: '2023-08-08T19:01:43.932Z'
}
{
  message: 'Example app listening on port  5000',
  level: 'info',
  label: 'KC',
  timestamp: '2023-08-08T19:01:43.949Z'
}
{
  message: '🤩 connect to database',
  level: 'info',
  label: 'KC',
  timestamp: '2023-08-08T19:07:04.016Z'
}
{
  message: 'Example app listening on port  5000',
  level: 'info',
  label: 'KC',
  timestamp: '2023-08-08T19:07:04.035Z'
}
{
  message: '🤩 connect to database',
  level: 'info',
  label: 'KC',
  timestamp: '2023-08-08T19:07:33.954Z'
}
{
  message: 'Example app listening on port  5000',
  level: 'info',
  label: 'KC',
  timestamp: '2023-08-08T19:07:33.970Z'
}
{
  message: '🤩 connect to database',
  level: 'info',
  label: 'KC',
  timestamp: '2023-08-08T19:11:45.551Z'
}
{
  message: 'Example app listening on port  5000',
  level: 'info',
  label: 'KC',
  timestamp: '2023-08-08T19:11:45.572Z'
}
{
  message: '🤩 connect to database',
  level: 'info',
  label: 'KC',
  timestamp: '2023-08-08T19:16:31.891Z'
}
{
  message: 'Example app listening on port  5000',
  level: 'info',
  label: 'KC',
  timestamp: '2023-08-08T19:16:31.910Z'
}
{
  message: '🤩 connect to database',
  level: 'info',
  label: 'KC',
  timestamp: '2023-08-08T19:16:53.903Z'
}
{
  message: 'Example app listening on port  5000',
  level: 'info',
  label: 'KC',
  timestamp: '2023-08-08T19:16:53.936Z'
}
