{
  message: '🤩 connect to database',
  level: 'info',
  label: 'KC',
  timestamp: '2023-08-12T21:06:12.196Z'
}
{
  message: 'Example app listening on port  5000',
  level: 'info',
  label: 'KC',
  timestamp: '2023-08-12T21:06:12.222Z'
}
{
  message: '🤩 connect to database',
  level: 'info',
  label: 'KC',
  timestamp: '2023-08-12T21:07:42.995Z'
}
{
  message: 'Example app listening on port  5000',
  level: 'info',
  label: 'KC',
  timestamp: '2023-08-12T21:07:43.010Z'
}
{
  message: '🤩 connect to database',
  level: 'info',
  label: 'KC',
  timestamp: '2023-08-12T21:08:52.109Z'
}
{
  message: 'Example app listening on port  5000',
  level: 'info',
  label: 'KC',
  timestamp: '2023-08-12T21:08:52.124Z'
}
{
  message: '🤩 connect to database',
  level: 'info',
  label: 'KC',
  timestamp: '2023-08-12T21:09:32.969Z'
}
{
  message: 'Example app listening on port  5000',
  level: 'info',
  label: 'KC',
  timestamp: '2023-08-12T21:09:32.989Z'
}
{
  message: '🤩 connect to database',
  level: 'info',
  label: 'KC',
  timestamp: '2023-08-12T21:10:26.603Z'
}
{
  message: 'Example app listening on port  5000',
  level: 'info',
  label: 'KC',
  timestamp: '2023-08-12T21:10:26.622Z'
}
{
  message: '🤩 connect to database',
  level: 'info',
  label: 'KC',
  timestamp: '2023-08-12T21:12:05.620Z'
}
{
  message: 'Example app listening on port  5000',
  level: 'info',
  label: 'KC',
  timestamp: '2023-08-12T21:12:05.639Z'
}
{
  message: '🤩 connect to database',
  level: 'info',
  label: 'KC',
  timestamp: '2023-08-12T21:13:01.400Z'
}
{
  message: 'Example app listening on port  5000',
  level: 'info',
  label: 'KC',
  timestamp: '2023-08-12T21:13:01.417Z'
}
{
  message: '🤩 connect to database',
  level: 'info',
  label: 'KC',
  timestamp: '2023-08-12T21:13:41.770Z'
}
{
  message: 'Example app listening on port  5000',
  level: 'info',
  label: 'KC',
  timestamp: '2023-08-12T21:13:41.795Z'
}
{
  message: '🤩 connect to database',
  level: 'info',
  label: 'KC',
  timestamp: '2023-08-12T21:14:27.161Z'
}
{
  message: 'Example app listening on port  5000',
  level: 'info',
  label: 'KC',
  timestamp: '2023-08-12T21:14:27.179Z'
}
{
  message: '🤩 connect to database',
  level: 'info',
  label: 'KC',
  timestamp: '2023-08-12T21:15:45.198Z'
}
{
  message: 'Example app listening on port  5000',
  level: 'info',
  label: 'KC',
  timestamp: '2023-08-12T21:15:45.213Z'
}
{
  message: '🤩 connect to database',
  level: 'info',
  label: 'KC',
  timestamp: '2023-08-12T21:16:23.653Z'
}
{
  message: 'Example app listening on port  5000',
  level: 'info',
  label: 'KC',
  timestamp: '2023-08-12T21:16:23.679Z'
}
{
  message: '🤩 connect to database',
  level: 'info',
  label: 'KC',
  timestamp: '2023-08-12T21:28:50.727Z'
}
{
  message: 'Example app listening on port  5000',
  level: 'info',
  label: 'KC',
  timestamp: '2023-08-12T21:28:50.750Z'
}
{
  message: '🤩 connect to database',
  level: 'info',
  label: 'KC',
  timestamp: '2023-08-12T21:31:24.856Z'
}
{
  message: 'Example app listening on port  5000',
  level: 'info',
  label: 'KC',
  timestamp: '2023-08-12T21:31:24.872Z'
}
