{
  message: '🤩 connect to database',
  level: 'info',
  label: 'KC',
  timestamp: '2023-08-05T09:28:46.941Z'
}
{
  message: 'Example app listening on port  5000',
  level: 'info',
  label: 'KC',
  timestamp: '2023-08-05T09:28:46.980Z'
}
{
  message: '🤩 connect to database',
  level: 'info',
  label: 'KC',
  timestamp: '2023-08-05T09:29:07.573Z'
}
{
  message: 'Example app listening on port  5000',
  level: 'info',
  label: 'KC',
  timestamp: '2023-08-05T09:29:07.590Z'
}
{
  message: '🤩 connect to database',
  level: 'info',
  label: 'KC',
  timestamp: '2023-08-05T09:36:30.498Z'
}
{
  message: 'Example app listening on port  5000',
  level: 'info',
  label: 'KC',
  timestamp: '2023-08-05T09:36:30.522Z'
}
{
  message: '🤩 connect to database',
  level: 'info',
  label: 'KC',
  timestamp: '2023-08-05T09:40:21.681Z'
}
{
  message: 'Example app listening on port  5000',
  level: 'info',
  label: 'KC',
  timestamp: '2023-08-05T09:40:21.698Z'
}
{
  message: '🤩 connect to database',
  level: 'info',
  label: 'KC',
  timestamp: '2023-08-05T09:43:14.455Z'
}
{
  message: 'Example app listening on port  5000',
  level: 'info',
  label: 'KC',
  timestamp: '2023-08-05T09:43:14.487Z'
}
{
  message: '🤩 connect to database',
  level: 'info',
  label: 'KC',
  timestamp: '2023-08-05T09:44:11.718Z'
}
{
  message: 'Example app listening on port  5000',
  level: 'info',
  label: 'KC',
  timestamp: '2023-08-05T09:44:11.760Z'
}
{
  message: '🤩 connect to database',
  level: 'info',
  label: 'KC',
  timestamp: '2023-08-05T09:44:57.030Z'
}
{
  message: 'Example app listening on port  5000',
  level: 'info',
  label: 'KC',
  timestamp: '2023-08-05T09:44:57.054Z'
}
{
  message: '🤩 connect to database',
  level: 'info',
  label: 'KC',
  timestamp: '2023-08-05T09:45:10.488Z'
}
{
  message: '🤩 connect to database',
  level: 'info',
  label: 'KC',
  timestamp: '2023-08-05T09:45:14.805Z'
}
{
  message: 'Example app listening on port  5000',
  level: 'info',
  label: 'KC',
  timestamp: '2023-08-05T09:45:14.823Z'
}
