{
  message: '🤩 connect to database',
  level: 'info',
  label: 'right meow!',
  timestamp: '2023-08-03T18:01:36.994Z'
}
{
  message: 'Example app listening on port 5000',
  level: 'info',
  label: 'right meow!',
  timestamp: '2023-08-03T18:01:37.030Z'
}
{
  message: '🤩 connect to database',
  level: 'info',
  label: 'KC',
  timestamp: '2023-08-03T18:02:24.717Z'
}
{
  message: 'Example app listening on port 5000',
  level: 'info',
  label: 'KC',
  timestamp: '2023-08-03T18:02:24.742Z'
}
{
  message: '🤩 connect to database',
  level: 'info',
  label: 'KC',
  timestamp: '2023-08-03T18:02:48.237Z'
}
{
  message: 'Example app listening on port 5000',
  level: 'info',
  label: 'KC',
  timestamp: '2023-08-03T18:02:48.261Z'
}
