{
  message: '🤩 connect to database',
  level: 'info',
  label: 'KC',
  timestamp: '2023-08-05T16:13:24.844Z'
}
{
  message: 'Example app listening on port  5000',
  level: 'info',
  label: 'KC',
  timestamp: '2023-08-05T16:13:24.867Z'
}
{
  message: '🤩 connect to database',
  level: 'info',
  label: 'KC',
  timestamp: '2023-08-05T16:14:38.393Z'
}
{
  message: 'Example app listening on port  5000',
  level: 'info',
  label: 'KC',
  timestamp: '2023-08-05T16:14:38.406Z'
}
{
  message: '🤩 connect to database',
  level: 'info',
  label: 'KC',
  timestamp: '2023-08-05T16:25:12.396Z'
}
{
  message: 'Example app listening on port  5000',
  level: 'info',
  label: 'KC',
  timestamp: '2023-08-05T16:25:12.421Z'
}
{
  message: '🤩 connect to database',
  level: 'info',
  label: 'KC',
  timestamp: '2023-08-05T16:28:07.133Z'
}
{
  message: 'Example app listening on port  5000',
  level: 'info',
  label: 'KC',
  timestamp: '2023-08-05T16:28:07.153Z'
}
{
  message: '🤩 connect to database',
  level: 'info',
  label: 'KC',
  timestamp: '2023-08-05T16:28:44.430Z'
}
{
  message: 'Example app listening on port  5000',
  level: 'info',
  label: 'KC',
  timestamp: '2023-08-05T16:28:44.454Z'
}
{
  message: '🤩 connect to database',
  level: 'info',
  label: 'KC',
  timestamp: '2023-08-05T16:29:06.514Z'
}
{
  message: 'Example app listening on port  5000',
  level: 'info',
  label: 'KC',
  timestamp: '2023-08-05T16:29:06.547Z'
}
{
  message: '🤩 connect to database',
  level: 'info',
  label: 'KC',
  timestamp: '2023-08-05T16:35:51.628Z'
}
{
  message: 'Example app listening on port  5000',
  level: 'info',
  label: 'KC',
  timestamp: '2023-08-05T16:35:51.645Z'
}
{
  message: '🤩 connect to database',
  level: 'info',
  label: 'KC',
  timestamp: '2023-08-05T16:38:06.902Z'
}
{
  message: 'Example app listening on port  5000',
  level: 'info',
  label: 'KC',
  timestamp: '2023-08-05T16:38:06.917Z'
}
{
  message: '🤩 connect to database',
  level: 'info',
  label: 'KC',
  timestamp: '2023-08-05T16:41:21.668Z'
}
{
  message: 'Example app listening on port  5000',
  level: 'info',
  label: 'KC',
  timestamp: '2023-08-05T16:41:21.684Z'
}
{
  message: '🤩 connect to database',
  level: 'info',
  label: 'KC',
  timestamp: '2023-08-05T16:42:28.390Z'
}
{
  message: 'Example app listening on port  5000',
  level: 'info',
  label: 'KC',
  timestamp: '2023-08-05T16:42:28.423Z'
}
{
  message: '🤩 connect to database',
  level: 'info',
  label: 'KC',
  timestamp: '2023-08-05T16:42:51.002Z'
}
{
  message: 'Example app listening on port  5000',
  level: 'info',
  label: 'KC',
  timestamp: '2023-08-05T16:42:51.023Z'
}
{
  message: '🤩 connect to database',
  level: 'info',
  label: 'KC',
  timestamp: '2023-08-05T16:43:55.500Z'
}
{
  message: 'Example app listening on port  5000',
  level: 'info',
  label: 'KC',
  timestamp: '2023-08-05T16:43:55.519Z'
}
{
  message: '🤩 connect to database',
  level: 'info',
  label: 'KC',
  timestamp: '2023-08-05T16:48:26.435Z'
}
{
  message: 'Example app listening on port  5000',
  level: 'info',
  label: 'KC',
  timestamp: '2023-08-05T16:48:26.464Z'
}
{
  message: '🤩 connect to database',
  level: 'info',
  label: 'KC',
  timestamp: '2023-08-05T16:50:51.154Z'
}
{
  message: 'Example app listening on port  5000',
  level: 'info',
  label: 'KC',
  timestamp: '2023-08-05T16:50:51.191Z'
}
{
  message: '🤩 connect to database',
  level: 'info',
  label: 'KC',
  timestamp: '2023-08-05T16:51:07.508Z'
}
{
  message: 'Example app listening on port  5000',
  level: 'info',
  label: 'KC',
  timestamp: '2023-08-05T16:51:07.529Z'
}
{
  message: '🤩 connect to database',
  level: 'info',
  label: 'KC',
  timestamp: '2023-08-05T16:51:28.454Z'
}
{
  message: 'Example app listening on port  5000',
  level: 'info',
  label: 'KC',
  timestamp: '2023-08-05T16:51:28.478Z'
}
{
  message: '🤩 connect to database',
  level: 'info',
  label: 'KC',
  timestamp: '2023-08-05T16:54:46.620Z'
}
{
  message: 'Example app listening on port  5000',
  level: 'info',
  label: 'KC',
  timestamp: '2023-08-05T16:54:46.647Z'
}
{
  message: '🤩 connect to database',
  level: 'info',
  label: 'KC',
  timestamp: '2023-08-05T16:56:20.092Z'
}
{
  message: 'Example app listening on port  5000',
  level: 'info',
  label: 'KC',
  timestamp: '2023-08-05T16:56:20.111Z'
}
{
  message: '🤩 connect to database',
  level: 'info',
  label: 'KC',
  timestamp: '2023-08-05T16:59:22.051Z'
}
{
  message: 'Example app listening on port  5000',
  level: 'info',
  label: 'KC',
  timestamp: '2023-08-05T16:59:22.080Z'
}
{
  message: '🤩 connect to database',
  level: 'info',
  label: 'KC',
  timestamp: '2023-08-05T16:59:31.073Z'
}
{
  message: 'Example app listening on port  5000',
  level: 'info',
  label: 'KC',
  timestamp: '2023-08-05T16:59:31.117Z'
}
